<?xml version="1.0" encoding="UTF-8"?>
<!-- Generated by org.testng.reporters.JUnitXMLReporter -->
<testsuite ignored="5" hostname="DESKTOP-B0DD0C2" failures="1" tests="10" name="Test" time="29.624" errors="0" timestamp="2024-09-06T07:06:10 IST">
  <testcase classname="TestScript.LoginPageTest" name="validateLoginButtonIsDisplayed" time="0.071"/>
  <testcase classname="TestScript.LoginPageTest" name="validateLoginPage_Labels" time="0.093">
    <failure type="java.lang.AssertionError" message="expected [wag Labs] but found [Swag Labs]">
      <![CDATA[java.lang.AssertionError: expected [wag Labs] but found [Swag Labs]
at action.Action.equal(Action.java:44)
at Page.LoginPageObject.validateLoginPageHeading(LoginPageObject.java:58)
at TestScript.LoginPageTest.validateLoginPage_Labels(LoginPageTest.java:35)
at java.base/java.util.concurrent.Executors$RunnableAdapter.call(Executors.java:539)
at java.base/java.util.concurrent.FutureTask.run(FutureTask.java:264)
at java.base/java.util.concurrent.ThreadPoolExecutor.runWorker(ThreadPoolExecutor.java:1136)
at java.base/java.util.concurrent.ThreadPoolExecutor$Worker.run(ThreadPoolExecutor.java:635)
at java.base/java.lang.Thread.run(Thread.java:833)
... Removed 19 stack frames]]>
    </failure>
  </testcase> <!-- validateLoginPage_Labels -->
  <testcase classname="TestScript.CartPageTest" name="ValidateCheckoutFunctionality" time="1.473"/>
  <testcase classname="TestScript.CartPageTest" name="validateProductAddedToCart" time="1.265"/>
  <testcase classname="TestScript.ProductPageTest" name="ProductPageValidation" time="13.948"/>
  <testcase classname="TestScript.CartPageTest" name="validateContinueShoppingFunctionality" time="2.999"/>
  <testcase classname="TestScript.ProductPageTest" name="validateISProductDisplayed" time="2.486"/>
  <testcase classname="TestScript.ProductPageTest" name="validateAddToCart" time="1.694"/>
  <testcase classname="TestScript.ProductPageTest" name="validatePrizeSection" time="8.65"/>
  <testcase classname="TestScript.ProductPageTest" name="addProductToCart" time="0.66"/>
  <testcase classname="BaseTest.DriverSetUp" name="@BeforeSuite loadConfig" time="0.0">
    <ignored/>
  </testcase> <!-- @BeforeSuite loadConfig -->
  <testcase classname="BaseTest.DriverSetUp" name="@AfterSuite terminateconfig" time="0.0">
    <ignored/>
  </testcase> <!-- @AfterSuite terminateconfig -->
  <testcase classname="TestScript.LoginPageTest" name="validateLoginPage_login" time="0.0">
    <ignored/>
  </testcase> <!-- validateLoginPage_login -->
  <testcase classname="BaseTest.DriverSetUp" name="@BeforeSuite loadConfig" time="0.0">
    <ignored/>
  </testcase> <!-- @BeforeSuite loadConfig -->
  <testcase classname="BaseTest.DriverSetUp" name="@AfterSuite terminateconfig" time="0.0">
    <ignored/>
  </testcase> <!-- @AfterSuite terminateconfig -->
</testsuite> <!-- Test -->
